# JRE version: OpenJDK Runtime Environment (8.0_242-b01) (build 1.8.0_242-release-1644-b01)
# Java VM: OpenJDK 64-Bit Server VM (25.242-b01 mixed mode windows-amd64 compressed oops)
Heap:
 PSYoungGen      total 615936K, used 564306K [0x00000000d5580000, 0x00000000ff500000, 0x0000000100000000)
  eden space 549376K, 100% used [0x00000000d5580000,0x00000000f6e00000,0x00000000f6e00000)
  from space 66560K, 22% used [0x00000000fb400000,0x00000000fc294b20,0x00000000ff500000)
  to   space 69120K, 11% used [0x00000000f6e00000,0x00000000f759bd30,0x00000000fb180000)
 ParOldGen       total 458752K, used 315608K [0x0000000080000000, 0x000000009c000000, 0x00000000d5580000)
  object space 458752K, 68% used [0x0000000080000000,0x0000000093436200,0x000000009c000000)
 Metaspace       used 128860K, capacity 135108K, committed 136472K, reserved 1167360K
  class space    used 16525K, capacity 17841K, committed 18200K, reserved 1048576K
GC Heap History (10 events):
Event: 1460.493 GC heap after
Heap after GC invocations=43 (full 5):
 PSYoungGen      total 603136K, used 14342K [0x00000000d5580000, 0x00000000ff480000, 0x0000000100000000)
  eden space 520192K, 0% used [0x00000000d5580000,0x00000000d5580000,0x00000000f5180000)
  from space 82944K, 17% used [0x00000000fa380000,0x00000000fb181aa8,0x00000000ff480000)
  to   space 83456K, 0% used [0x00000000f5180000,0x00000000f5180000,0x00000000fa300000)
 ParOldGen       total 458752K, used 275004K [0x0000000080000000, 0x000000009c000000, 0x00000000d5580000)
  object space 458752K, 59% used [0x0000000080000000,0x0000000090c8f050,0x000000009c000000)
 Metaspace       used 128800K, capacity 134974K, committed 136472K, reserved 1167360K
  class space    used 16523K, capacity 17840K, committed 18200K, reserved 1048576K
}
Event: 1460.964 GC heap before
{Heap before GC invocations=44 (full 5):
 PSYoungGen      total 603136K, used 534534K [0x00000000d5580000, 0x00000000ff480000, 0x0000000100000000)
  eden space 520192K, 100% used [0x00000000d5580000,0x00000000f5180000,0x00000000f5180000)
  from space 82944K, 17% used [0x00000000fa380000,0x00000000fb181aa8,0x00000000ff480000)
  to   space 83456K, 0% used [0x00000000f5180000,0x00000000f5180000,0x00000000fa300000)
 ParOldGen       total 458752K, used 275004K [0x0000000080000000, 0x000000009c000000, 0x00000000d5580000)
  object space 458752K, 59% used [0x0000000080000000,0x0000000090c8f050,0x000000009c000000)
 Metaspace       used 128806K, capacity 134974K, committed 136472K, reserved 1167360K
  class space    used 16523K, capacity 17840K, committed 18200K, reserved 1048576K
Event: 1460.985 GC heap after
Heap after GC invocations=44 (full 5):
 PSYoungGen      total 603648K, used 7975K [0x00000000d5580000, 0x00000000ffa80000, 0x0000000100000000)
  eden space 520192K, 0% used [0x00000000d5580000,0x00000000d5580000,0x00000000f5180000)
  from space 83456K, 9% used [0x00000000f5180000,0x00000000f5949c70,0x00000000fa300000)
  to   space 80384K, 0% used [0x00000000fac00000,0x00000000fac00000,0x00000000ffa80000)
 ParOldGen       total 458752K, used 285757K [0x0000000080000000, 0x000000009c000000, 0x00000000d5580000)
  object space 458752K, 62% used [0x0000000080000000,0x000000009170f6f8,0x000000009c000000)
 Metaspace       used 128806K, capacity 134974K, committed 136472K, reserved 1167360K
  class space    used 16523K, capacity 17840K, committed 18200K, reserved 1048576K
}
Event: 1461.520 GC heap before
{Heap before GC invocations=45 (full 5):
 PSYoungGen      total 603648K, used 528167K [0x00000000d5580000, 0x00000000ffa80000, 0x0000000100000000)
  eden space 520192K, 100% used [0x00000000d5580000,0x00000000f5180000,0x00000000f5180000)
  from space 83456K, 9% used [0x00000000f5180000,0x00000000f5949c70,0x00000000fa300000)
  to   space 80384K, 0% used [0x00000000fac00000,0x00000000fac00000,0x00000000ffa80000)
 ParOldGen       total 458752K, used 285757K [0x0000000080000000, 0x000000009c000000, 0x00000000d5580000)
  object space 458752K, 62% used [0x0000000080000000,0x000000009170f6f8,0x000000009c000000)
 Metaspace       used 128812K, capacity 134974K, committed 136472K, reserved 1167360K
  class space    used 16523K, capacity 17840K, committed 18200K, reserved 1048576K
Event: 1461.539 GC heap after
Heap after GC invocations=45 (full 5):
 PSYoungGen      total 609792K, used 12058K [0x00000000d5580000, 0x00000000ff500000, 0x0000000100000000)
  eden space 535040K, 0% used [0x00000000d5580000,0x00000000d5580000,0x00000000f6000000)
  from space 74752K, 16% used [0x00000000fac00000,0x00000000fb7c6830,0x00000000ff500000)
  to   space 76288K, 0% used [0x00000000f6000000,0x00000000f6000000,0x00000000faa80000)
 ParOldGen       total 458752K, used 290798K [0x0000000080000000, 0x000000009c000000, 0x00000000d5580000)
  object space 458752K, 63% used [0x0000000080000000,0x0000000091bfb9c8,0x000000009c000000)
 Metaspace       used 128812K, capacity 134974K, committed 136472K, reserved 1167360K
  class space    used 16523K, capacity 17840K, committed 18200K, reserved 1048576K
}
Event: 1462.002 GC heap before
{Heap before GC invocations=46 (full 5):
 PSYoungGen      total 609792K, used 547098K [0x00000000d5580000, 0x00000000ff500000, 0x0000000100000000)
  eden space 535040K, 100% used [0x00000000d5580000,0x00000000f6000000,0x00000000f6000000)
  from space 74752K, 16% used [0x00000000fac00000,0x00000000fb7c6830,0x00000000ff500000)
  to   space 76288K, 0% used [0x00000000f6000000,0x00000000f6000000,0x00000000faa80000)
 ParOldGen       total 458752K, used 290798K [0x0000000080000000, 0x000000009c000000, 0x00000000d5580000)
  object space 458752K, 63% used [0x0000000080000000,0x0000000091bfb9c8,0x000000009c000000)
 Metaspace       used 128819K, capacity 134974K, committed 136472K, reserved 1167360K
  class space    used 16523K, capacity 17840K, committed 18200K, reserved 1048576K
Event: 1462.014 GC heap after
Heap after GC invocations=46 (full 5):
 PSYoungGen      total 611328K, used 9845K [0x00000000d5580000, 0x00000000ffb80000, 0x0000000100000000)
  eden space 535040K, 0% used [0x00000000d5580000,0x00000000d5580000,0x00000000f6000000)
  from space 76288K, 12% used [0x00000000f6000000,0x00000000f699d498,0x00000000faa80000)
  to   space 73216K, 0% used [0x00000000fb400000,0x00000000fb400000,0x00000000ffb80000)
 ParOldGen       total 458752K, used 296507K [0x0000000080000000, 0x000000009c000000, 0x00000000d5580000)
  object space 458752K, 64% used [0x0000000080000000,0x000000009218ecd8,0x000000009c000000)
 Metaspace       used 128819K, capacity 134974K, committed 136472K, reserved 1167360K
  class space    used 16523K, capacity 17840K, committed 18200K, reserved 1048576K
}
Event: 1462.541 GC heap before
{Heap before GC invocations=47 (full 5):
 PSYoungGen      total 611328K, used 544885K [0x00000000d5580000, 0x00000000ffb80000, 0x0000000100000000)
  eden space 535040K, 100% used [0x00000000d5580000,0x00000000f6000000,0x00000000f6000000)
  from space 76288K, 12% used [0x00000000f6000000,0x00000000f699d498,0x00000000faa80000)
  to   space 73216K, 0% used [0x00000000fb400000,0x00000000fb400000,0x00000000ffb80000)
 ParOldGen       total 458752K, used 296507K [0x0000000080000000, 0x000000009c000000, 0x00000000d5580000)
  object space 458752K, 64% used [0x0000000080000000,0x000000009218ecd8,0x000000009c000000)
 Metaspace       used 128827K, capacity 134974K, committed 136472K, reserved 1167360K
  class space    used 16523K, capacity 17840K, committed 18200K, reserved 1048576K
Event: 1462.558 GC heap after
Heap after GC invocations=47 (full 5):
 PSYoungGen      total 615936K, used 14930K [0x00000000d5580000, 0x00000000ff500000, 0x0000000100000000)
  eden space 549376K, 0% used [0x00000000d5580000,0x00000000d5580000,0x00000000f6e00000)
  from space 66560K, 22% used [0x00000000fb400000,0x00000000fc294b20,0x00000000ff500000)
  to   space 69120K, 0% used [0x00000000f6e00000,0x00000000f6e00000,0x00000000fb180000)
 ParOldGen       total 458752K, used 302688K [0x0000000080000000, 0x000000009c000000, 0x00000000d5580000)
  object space 458752K, 65% used [0x0000000080000000,0x0000000092798280,0x000000009c000000)
 Metaspace       used 128827K, capacity 134974K, committed 136472K, reserved 1167360K
  class space    used 16523K, capacity 17840K, committed 18200K, reserved 1048576K
}
Event: 1463.293 GC heap before
{Heap before GC invocations=48 (full 5):
 PSYoungGen      total 615936K, used 564306K [0x00000000d5580000, 0x00000000ff500000, 0x0000000100000000)
  eden space 549376K, 100% used [0x00000000d5580000,0x00000000f6e00000,0x00000000f6e00000)
  from space 66560K, 22% used [0x00000000fb400000,0x00000000fc294b20,0x00000000ff500000)
  to   space 69120K, 0% used [0x00000000f6e00000,0x00000000f6e00000,0x00000000fb180000)
 ParOldGen       total 458752K, used 302688K [0x0000000080000000, 0x000000009c000000, 0x00000000d5580000)
  object space 458752K, 65% used [0x0000000080000000,0x0000000092798280,0x000000009c000000)
 Metaspace       used 128860K, capacity 135108K, committed 136472K, reserved 1167360K
  class space    used 16525K, capacity 17841K, committed 18200K, reserved 1048576K

